E:\Programms\VISUALSTUDIO\MSBuild\Microsoft\VC\v160\Microsoft.CppBuild.targets(459,5): warning MSB8028: The intermediate directory (x64\Debug\) contains files shared from another project (xplane.vcxproj).  This can lead to incorrect clean and rebuild behavior.
  SceneRenderer.cpp
E:\WORK\CPP\vsProjVoxels\glfw-3.3\xplane\SceneRenderer.h(30,71): warning C4244: 'return': conversion from 'T' to 'int', possible loss of data
          with
          [
              T=float
          ]
E:\WORK\CPP\vsProjVoxels\glfw-3.3\xplane\SceneRenderer.h(35,75): warning C4244: 'return': conversion from 'T' to 'int', possible loss of data
          with
          [
              T=float
          ]
E:\WORK\CPP\vsProjVoxels\glfw-3.3\xplane\SceneRenderer.h(39,58): warning C4244: 'return': conversion from 'float' to 'int', possible loss of data
E:\WORK\CPP\vsProjVoxels\glfw-3.3\xplane\SceneRenderer.h(404,48): warning C4244: 'argument': conversion from 'T' to 'int', possible loss of data
          with
          [
              T=float
          ]
E:\WORK\CPP\vsProjVoxels\glfw-3.3\xplane\SceneRenderer.h(404,35): warning C4244: 'argument': conversion from 'T' to 'int', possible loss of data
          with
          [
              T=float
          ]
E:\WORK\CPP\vsProjVoxels\glfw-3.3\xplane\SceneRenderer.h(404,22): warning C4244: 'argument': conversion from 'T' to 'int', possible loss of data
          with
          [
              T=float
          ]
E:\WORK\CPP\vsProjVoxels\glfw-3.3\xplane\SceneRenderer.cpp(22,33): warning C4244: 'initializing': conversion from 'double' to 'float', possible loss of data
E:\WORK\CPP\vsProjVoxels\glfw-3.3\xplane\SceneRenderer.cpp(22,29): warning C4244: 'initializing': conversion from 'double' to 'const float', possible loss of data
  main.cpp
E:\WORK\CPP\vsProjVoxels\glfw-3.3\xplane\SceneRenderer.h(30,71): warning C4244: 'return': conversion from 'T' to 'int', possible loss of data
          with
          [
              T=float
          ]
E:\WORK\CPP\vsProjVoxels\glfw-3.3\xplane\SceneRenderer.h(35,75): warning C4244: 'return': conversion from 'T' to 'int', possible loss of data
          with
          [
              T=float
          ]
E:\WORK\CPP\vsProjVoxels\glfw-3.3\xplane\SceneRenderer.h(39,58): warning C4244: 'return': conversion from 'float' to 'int', possible loss of data
E:\WORK\CPP\vsProjVoxels\glfw-3.3\xplane\SceneRenderer.h(404,48): warning C4244: 'argument': conversion from 'T' to 'int', possible loss of data
          with
          [
              T=float
          ]
E:\WORK\CPP\vsProjVoxels\glfw-3.3\xplane\SceneRenderer.h(404,35): warning C4244: 'argument': conversion from 'T' to 'int', possible loss of data
          with
          [
              T=float
          ]
E:\WORK\CPP\vsProjVoxels\glfw-3.3\xplane\SceneRenderer.h(404,22): warning C4244: 'argument': conversion from 'T' to 'int', possible loss of data
          with
          [
              T=float
          ]
E:\WORK\CPP\vsProjVoxels\glfw-3.3\xplane\mixerEngine.h(35,28): warning C4244: '=': conversion from 'double' to 'float', possible loss of data
E:\WORK\CPP\vsProjVoxels\glfw-3.3\xplane\mixerEngine.h(36,15): warning C4244: '=': conversion from 'double' to 'float', possible loss of data
  mixerEngine.cpp
E:\WORK\CPP\vsProjVoxels\glfw-3.3\xplane\SceneRenderer.h(30,71): warning C4244: 'return': conversion from 'T' to 'int', possible loss of data
          with
          [
              T=float
          ]
E:\WORK\CPP\vsProjVoxels\glfw-3.3\xplane\SceneRenderer.h(35,75): warning C4244: 'return': conversion from 'T' to 'int', possible loss of data
          with
          [
              T=float
          ]
E:\WORK\CPP\vsProjVoxels\glfw-3.3\xplane\SceneRenderer.h(39,58): warning C4244: 'return': conversion from 'float' to 'int', possible loss of data
E:\WORK\CPP\vsProjVoxels\glfw-3.3\xplane\SceneRenderer.h(404,48): warning C4244: 'argument': conversion from 'T' to 'int', possible loss of data
          with
          [
              T=float
          ]
E:\WORK\CPP\vsProjVoxels\glfw-3.3\xplane\SceneRenderer.h(404,35): warning C4244: 'argument': conversion from 'T' to 'int', possible loss of data
          with
          [
              T=float
          ]
E:\WORK\CPP\vsProjVoxels\glfw-3.3\xplane\SceneRenderer.h(404,22): warning C4244: 'argument': conversion from 'T' to 'int', possible loss of data
          with
          [
              T=float
          ]
E:\WORK\CPP\vsProjVoxels\glfw-3.3\xplane\mixerEngine.h(35,28): warning C4244: '=': conversion from 'double' to 'float', possible loss of data
E:\WORK\CPP\vsProjVoxels\glfw-3.3\xplane\mixerEngine.h(36,15): warning C4244: '=': conversion from 'double' to 'float', possible loss of data
E:\WORK\CPP\vsProjVoxels\glfw-3.3\xplane\mixerEngine.cpp(50,61): warning C4244: 'argument': conversion from 'double' to 'float', possible loss of data
E:\WORK\CPP\vsProjVoxels\glfw-3.3\xplane\mixerEngine.cpp(50,42): warning C4244: 'argument': conversion from 'double' to 'float', possible loss of data
  Generating Code...
  xplane.vcxproj -> E:\WORK\CPP\vsProjVoxels\glfw-3.3\build\x64\Debug\mixer.exe
