  SceneRenderer.cpp
E:\WORK\CPP\vsProjVoxels\glfw-3.3\xplane\SceneRenderer.h(31,58): warning C4244: 'return': conversion from 'float' to 'int', possible loss of data
E:\WORK\CPP\vsProjVoxels\glfw-3.3\xplane\SceneRenderer.h(94,48): warning C4244: 'argument': conversion from 'T' to 'int', possible loss of data
          with
          [
              T=float
          ]
E:\WORK\CPP\vsProjVoxels\glfw-3.3\xplane\SceneRenderer.h(94,35): warning C4244: 'argument': conversion from 'T' to 'int', possible loss of data
          with
          [
              T=float
          ]
E:\WORK\CPP\vsProjVoxels\glfw-3.3\xplane\SceneRenderer.h(94,22): warning C4244: 'argument': conversion from 'T' to 'int', possible loss of data
          with
          [
              T=float
          ]
E:\WORK\CPP\vsProjVoxels\glfw-3.3\xplane\SceneRenderer.cpp(22,33): warning C4244: 'initializing': conversion from 'double' to 'float', possible loss of data
E:\WORK\CPP\vsProjVoxels\glfw-3.3\xplane\SceneRenderer.cpp(22,29): warning C4244: 'initializing': conversion from 'double' to 'const float', possible loss of data
  main.cpp
E:\WORK\CPP\vsProjVoxels\glfw-3.3\xplane\SceneRenderer.h(31,58): warning C4244: 'return': conversion from 'float' to 'int', possible loss of data
E:\WORK\CPP\vsProjVoxels\glfw-3.3\xplane\SceneRenderer.h(94,48): warning C4244: 'argument': conversion from 'T' to 'int', possible loss of data
          with
          [
              T=float
          ]
E:\WORK\CPP\vsProjVoxels\glfw-3.3\xplane\SceneRenderer.h(94,35): warning C4244: 'argument': conversion from 'T' to 'int', possible loss of data
          with
          [
              T=float
          ]
E:\WORK\CPP\vsProjVoxels\glfw-3.3\xplane\SceneRenderer.h(94,22): warning C4244: 'argument': conversion from 'T' to 'int', possible loss of data
          with
          [
              T=float
          ]
E:\WORK\CPP\vsProjVoxels\glfw-3.3\xplane\mixerEngine.h(36,28): warning C4244: '=': conversion from 'double' to 'float', possible loss of data
E:\WORK\CPP\vsProjVoxels\glfw-3.3\xplane\mixerEngine.h(37,15): warning C4244: '=': conversion from 'double' to 'float', possible loss of data
  mixerEngine.cpp
E:\WORK\CPP\vsProjVoxels\glfw-3.3\xplane\SceneRenderer.h(31,58): warning C4244: 'return': conversion from 'float' to 'int', possible loss of data
E:\WORK\CPP\vsProjVoxels\glfw-3.3\xplane\SceneRenderer.h(94,48): warning C4244: 'argument': conversion from 'T' to 'int', possible loss of data
          with
          [
              T=float
          ]
E:\WORK\CPP\vsProjVoxels\glfw-3.3\xplane\SceneRenderer.h(94,35): warning C4244: 'argument': conversion from 'T' to 'int', possible loss of data
          with
          [
              T=float
          ]
E:\WORK\CPP\vsProjVoxels\glfw-3.3\xplane\SceneRenderer.h(94,22): warning C4244: 'argument': conversion from 'T' to 'int', possible loss of data
          with
          [
              T=float
          ]
E:\WORK\CPP\vsProjVoxels\glfw-3.3\xplane\mixerEngine.h(36,28): warning C4244: '=': conversion from 'double' to 'float', possible loss of data
E:\WORK\CPP\vsProjVoxels\glfw-3.3\xplane\mixerEngine.h(37,15): warning C4244: '=': conversion from 'double' to 'float', possible loss of data
E:\WORK\CPP\vsProjVoxels\glfw-3.3\xplane\mixerEngine.cpp(50,61): warning C4244: 'argument': conversion from 'double' to 'float', possible loss of data
E:\WORK\CPP\vsProjVoxels\glfw-3.3\xplane\mixerEngine.cpp(50,42): warning C4244: 'argument': conversion from 'double' to 'float', possible loss of data
LINK : warning LNK4098: defaultlib 'MSVCRTD' conflicts with use of other libs; use /NODEFAULTLIB:library
  Generating code
  6 of 757 functions ( 0.8%) were compiled, the rest were copied from previous compilation.
    0 functions were new in current compilation
    1 functions had inline decision re-evaluated but remain unchanged
  Finished generating code
glfw3.lib(context.obj) : warning LNK4099: PDB 'glfw.pdb' was not found with 'glfw3.lib(context.obj)' or at 'E:\WORK\CPP\vsProjVoxels\glfw-3.3\build\x64\Release\glfw.pdb'; linking object as if no debug info
glfw3.lib(init.obj) : warning LNK4099: PDB 'glfw.pdb' was not found with 'glfw3.lib(init.obj)' or at 'E:\WORK\CPP\vsProjVoxels\glfw-3.3\build\x64\Release\glfw.pdb'; linking object as if no debug info
glfw3.lib(input.obj) : warning LNK4099: PDB 'glfw.pdb' was not found with 'glfw3.lib(input.obj)' or at 'E:\WORK\CPP\vsProjVoxels\glfw-3.3\build\x64\Release\glfw.pdb'; linking object as if no debug info
glfw3.lib(monitor.obj) : warning LNK4099: PDB 'glfw.pdb' was not found with 'glfw3.lib(monitor.obj)' or at 'E:\WORK\CPP\vsProjVoxels\glfw-3.3\build\x64\Release\glfw.pdb'; linking object as if no debug info
glfw3.lib(vulkan.obj) : warning LNK4099: PDB 'glfw.pdb' was not found with 'glfw3.lib(vulkan.obj)' or at 'E:\WORK\CPP\vsProjVoxels\glfw-3.3\build\x64\Release\glfw.pdb'; linking object as if no debug info
glfw3.lib(window.obj) : warning LNK4099: PDB 'glfw.pdb' was not found with 'glfw3.lib(window.obj)' or at 'E:\WORK\CPP\vsProjVoxels\glfw-3.3\build\x64\Release\glfw.pdb'; linking object as if no debug info
glfw3.lib(win32_init.obj) : warning LNK4099: PDB 'glfw.pdb' was not found with 'glfw3.lib(win32_init.obj)' or at 'E:\WORK\CPP\vsProjVoxels\glfw-3.3\build\x64\Release\glfw.pdb'; linking object as if no debug info
glfw3.lib(win32_joystick.obj) : warning LNK4099: PDB 'glfw.pdb' was not found with 'glfw3.lib(win32_joystick.obj)' or at 'E:\WORK\CPP\vsProjVoxels\glfw-3.3\build\x64\Release\glfw.pdb'; linking object as if no debug info
glfw3.lib(win32_monitor.obj) : warning LNK4099: PDB 'glfw.pdb' was not found with 'glfw3.lib(win32_monitor.obj)' or at 'E:\WORK\CPP\vsProjVoxels\glfw-3.3\build\x64\Release\glfw.pdb'; linking object as if no debug info
glfw3.lib(win32_time.obj) : warning LNK4099: PDB 'glfw.pdb' was not found with 'glfw3.lib(win32_time.obj)' or at 'E:\WORK\CPP\vsProjVoxels\glfw-3.3\build\x64\Release\glfw.pdb'; linking object as if no debug info
glfw3.lib(win32_thread.obj) : warning LNK4099: PDB 'glfw.pdb' was not found with 'glfw3.lib(win32_thread.obj)' or at 'E:\WORK\CPP\vsProjVoxels\glfw-3.3\build\x64\Release\glfw.pdb'; linking object as if no debug info
glfw3.lib(win32_window.obj) : warning LNK4099: PDB 'glfw.pdb' was not found with 'glfw3.lib(win32_window.obj)' or at 'E:\WORK\CPP\vsProjVoxels\glfw-3.3\build\x64\Release\glfw.pdb'; linking object as if no debug info
glfw3.lib(wgl_context.obj) : warning LNK4099: PDB 'glfw.pdb' was not found with 'glfw3.lib(wgl_context.obj)' or at 'E:\WORK\CPP\vsProjVoxels\glfw-3.3\build\x64\Release\glfw.pdb'; linking object as if no debug info
glfw3.lib(egl_context.obj) : warning LNK4099: PDB 'glfw.pdb' was not found with 'glfw3.lib(egl_context.obj)' or at 'E:\WORK\CPP\vsProjVoxels\glfw-3.3\build\x64\Release\glfw.pdb'; linking object as if no debug info
glfw3.lib(osmesa_context.obj) : warning LNK4099: PDB 'glfw.pdb' was not found with 'glfw3.lib(osmesa_context.obj)' or at 'E:\WORK\CPP\vsProjVoxels\glfw-3.3\build\x64\Release\glfw.pdb'; linking object as if no debug info
  xplane.vcxproj -> E:\WORK\CPP\vsProjVoxels\glfw-3.3\build\x64\Release\mixer.exe
